Start testing: Nov 30 00:32 UTC
----------------------------------------------------------
1/1 Testing: ssd-fairness-tests
1/1 Test: ssd-fairness-tests
Command: "/workspace/build/ssd-fairness-tests"
Directory: /workspace/build
"ssd-fairness-tests" start time: Nov 30 00:32 UTC
Output:
----------------------------------------------------------
[PASS] FairnessSkipsIdleUsers
[PASS] RoundRobinCyclesUsers
[PASS] DeficitAccumulatesAcrossRounds
[PASS] WeightedFairHonorsWeights
[PASS] SimulatorCompletesTraceAndCalculatesFairness
[PASS] TraceReaderSortsAndAssignsUsers
[PASS] TraceReaderHandlesDecimalTimestamps
[PASS] TraceReaderRejectsNegativeUserIds
[PASS] SimulatorRespectsUserOverride
Ran 9 tests: 9 passed, 0 failed
<end of output>
Test time =   0.00 sec
----------------------------------------------------------
Test Passed.
"ssd-fairness-tests" end time: Nov 30 00:32 UTC
"ssd-fairness-tests" time elapsed: 00:00:00
----------------------------------------------------------

End testing: Nov 30 00:32 UTC
